<?xml version="1.0" encoding="UTF-8"?>
<testsuite name="InfectedTest" tests="2" skipped="0" failures="0" errors="0" timestamp="2022-10-24T07:19:20" hostname="PCANDREA" time="0.002">
  <properties/>
  <testcase name="TestInfected" classname="InfectedTest" time="0.002"/>
  <testcase name="TestAddInfected" classname="InfectedTest" time="0.0"/>
  <system-out><![CDATA[]]></system-out>
  <system-err><![CDATA[]]></system-err>
</testsuite>
