<?xml version="1.0" encoding="UTF-8"?>
<testsuite name="it.unisa.country.DataSetTest" tests="2" skipped="0" failures="0" errors="0" timestamp="2022-10-24T08:16:30" hostname="PCANDREA" time="0.009">
  <properties/>
  <testcase name="testMaximum" classname="it.unisa.country.DataSetTest" time="0.008"/>
  <testcase name="testMinimum" classname="it.unisa.country.DataSetTest" time="0.0"/>
  <system-out><![CDATA[]]></system-out>
  <system-err><![CDATA[]]></system-err>
</testsuite>
