<?xml version="1.0" encoding="UTF-8"?>
<testsuite name="VendingMachineTest" tests="2" skipped="0" failures="0" errors="0" timestamp="2022-10-24T07:18:58" hostname="PCANDREA" time="0.001">
  <properties/>
  <testcase name="TestAddCan" classname="VendingMachineTest" time="0.001"/>
  <testcase name="TestTakeCanAndTokens" classname="VendingMachineTest" time="0.0"/>
  <system-out><![CDATA[]]></system-out>
  <system-err><![CDATA[]]></system-err>
</testsuite>
