<?xml version="1.0" encoding="UTF-8"?>
<testsuite name="StudentTest" tests="2" skipped="0" failures="0" errors="0" timestamp="2022-10-24T07:19:04" hostname="PCANDREA" time="0.002">
  <properties/>
  <testcase name="TestStudent" classname="StudentTest" time="0.001"/>
  <testcase name="TestAverage" classname="StudentTest" time="0.0"/>
  <system-out><![CDATA[]]></system-out>
  <system-err><![CDATA[]]></system-err>
</testsuite>
