<?xml version="1.0" encoding="UTF-8"?>
<testsuite name="SMS.SMSOrganizerTest" tests="2" skipped="0" failures="0" errors="0" timestamp="2022-10-24T08:45:54" hostname="PCANDREA" time="0.003">
  <properties/>
  <testcase name="testListByDate" classname="SMS.SMSOrganizerTest" time="0.003"/>
  <testcase name="testListBySender" classname="SMS.SMSOrganizerTest" time="0.0"/>
  <system-out><![CDATA[]]></system-out>
  <system-err><![CDATA[]]></system-err>
</testsuite>
