<?xml version="1.0" encoding="UTF-8"?>
<testsuite name="CarSellerTest" tests="3" skipped="0" failures="0" errors="0" timestamp="2022-10-15T11:13:34" hostname="PCANDREA" time="0.01">
  <properties/>
  <testcase name="returnCarByBrandAModelYearAndPriceTest" classname="CarSellerTest" time="0.007"/>
  <testcase name="returnCarByBrandAndModelTest" classname="CarSellerTest" time="0.0"/>
  <testcase name="returnCarByBrandModelAndYearTest" classname="CarSellerTest" time="0.001"/>
  <system-out><![CDATA[]]></system-out>
  <system-err><![CDATA[]]></system-err>
</testsuite>
